0 info it worked if it ends with ok
1 verbose cli [ '/usr/bin/node', '/usr/bin/npm', 'start' ]
2 info using npm@3.10.5
3 info using node@v6.2.2
4 verbose run-script [ 'prestart', 'start', 'poststart' ]
5 info lifecycle event_kit@0.0.0~prestart: event_kit@0.0.0
6 silly lifecycle event_kit@0.0.0~prestart: no script for prestart, continuing
7 info lifecycle event_kit@0.0.0~start: event_kit@0.0.0
8 verbose lifecycle event_kit@0.0.0~start: unsafe-perm in lifecycle true
9 verbose lifecycle event_kit@0.0.0~start: PATH: /usr/lib/node_modules/npm/bin/node-gyp-bin:/home/guru/Documents/projects/javascipt/event_kit/node_modules/.bin:/usr/bin:/home/guru/bin:/home/guru/.gem/ruby/2.3.0/bin:/home/guru/.config/composer/vendor/bin:/usr/local/sbin:/usr/local/bin:/usr/bin:/usr/lib/jvm/default/bin:/usr/bin/site_perl:/usr/bin/vendor_perl:/usr/bin/core_perl:/bin
10 verbose lifecycle event_kit@0.0.0~start: CWD: /home/guru/Documents/projects/javascipt/event_kit
11 silly lifecycle event_kit@0.0.0~start: Args: [ '-c', 'node ./bin/www' ]
12 silly lifecycle event_kit@0.0.0~start: Returned: code: 1  signal: null
13 info lifecycle event_kit@0.0.0~start: Failed to exec start script
14 verbose stack Error: event_kit@0.0.0 start: `node ./bin/www`
14 verbose stack Exit status 1
14 verbose stack     at EventEmitter.<anonymous> (/usr/lib/node_modules/npm/lib/utils/lifecycle.js:242:16)
14 verbose stack     at emitTwo (events.js:106:13)
14 verbose stack     at EventEmitter.emit (events.js:191:7)
14 verbose stack     at ChildProcess.<anonymous> (/usr/lib/node_modules/npm/lib/utils/spawn.js:40:14)
14 verbose stack     at emitTwo (events.js:106:13)
14 verbose stack     at ChildProcess.emit (events.js:191:7)
14 verbose stack     at maybeClose (internal/child_process.js:852:16)
14 verbose stack     at Process.ChildProcess._handle.onexit (internal/child_process.js:215:5)
15 verbose pkgid event_kit@0.0.0
16 verbose cwd /home/guru/Documents/projects/javascipt/event_kit
17 error Linux 4.4.13-1-MANJARO
18 error argv "/usr/bin/node" "/usr/bin/npm" "start"
19 error node v6.2.2
20 error npm  v3.10.5
21 error code ELIFECYCLE
22 error event_kit@0.0.0 start: `node ./bin/www`
22 error Exit status 1
23 error Failed at the event_kit@0.0.0 start script 'node ./bin/www'.
23 error Make sure you have the latest version of node.js and npm installed.
23 error If you do, this is most likely a problem with the event_kit package,
23 error not with npm itself.
23 error Tell the author that this fails on your system:
23 error     node ./bin/www
23 error You can get information on how to open an issue for this project with:
23 error     npm bugs event_kit
23 error Or if that isn't available, you can get their info via:
23 error     npm owner ls event_kit
23 error There is likely additional logging output above.
24 verbose exit [ 1, true ]
